<?xml version="1.0" encoding="UTF-8"?>
<!-- Generated by org.testng.reporters.JUnitXMLReporter -->
<testsuite ignored="0" hostname="LAPTOP-3LHL5QB2" failures="1" tests="1" name="Test" time="19.482" errors="0" timestamp="2024-08-05T19:13:00 IST">
  <testcase classname="com.FitPeo.TestCases.VerifyRevenueCalculatorPage" name="validateRevenueCalculator" time="1.899">
    <failure type="java.lang.AssertionError" message="The following asserts failed:
	expected [true] but found [false]">
      <![CDATA[java.lang.AssertionError: The following asserts failed:
expected [true] but found [false]
at com.FitPeo.TestCases.VerifyRevenueCalculatorPage.validateRevenueCalculator(VerifyRevenueCalculatorPage.java:58)
at java.base/java.util.ArrayList.forEach(ArrayList.java:1596)
... Removed 27 stack frames]]>
    </failure>
  </testcase> <!-- validateRevenueCalculator -->
</testsuite> <!-- Test -->
